app/build/intermediates/manifest_merge_blame_file/debug/manifest-merger-blame-debug-report.txt
1<?xml version="1.0" encoding="utf-8"?>
2<manifest xmlns:android="http://schemas.android.com/apk/res/android"
3    package="com.my.sikhiquiz"
4    android:versionCode="1"
5    android:versionName="1.0" >
6
7    <uses-sdk
8        android:minSdkVersion="21"
8-->src\main\AndroidManifest.xml
9        android:targetSdkVersion="28" />
9-->src\main\AndroidManifest.xml
10
11    <application
11-->src\main\AndroidManifest.xml:5:2-204:16
12        android:allowBackup="true"
12-->src\main\AndroidManifest.xml:6:3-29
13        android:debuggable="true"
14        android:icon="@drawable/app_icon"
14-->src\main\AndroidManifest.xml:7:3-36
15        android:label="@string/app_name"
15-->src\main\AndroidManifest.xml:8:3-35
16        android:testOnly="true"
17        android:theme="@style/AppTheme"
17-->src\main\AndroidManifest.xml:10:3-34
18        android:usesCleartextTraffic="true" >
18-->src\main\AndroidManifest.xml:9:3-38
19        <activity
19-->src\main\AndroidManifest.xml:11:3-22:14
20            android:name="com.my.sikhiquiz.MainActivity"
20-->src\main\AndroidManifest.xml:12:4-32
21            android:configChanges="orientation|screenSize|keyboardHidden|smallestScreenSize|screenLayout"
21-->src\main\AndroidManifest.xml:13:4-97
22            android:hardwareAccelerated="true"
22-->src\main\AndroidManifest.xml:14:4-38
23            android:screenOrientation="portrait"
23-->src\main\AndroidManifest.xml:17:4-40
24            android:supportsPictureInPicture="true"
24-->src\main\AndroidManifest.xml:15:4-43
25            android:theme="@style/FullScreen" >
25-->src\main\AndroidManifest.xml:16:4-37
26            <intent-filter>
26-->src\main\AndroidManifest.xml:18:4-21:20
27                <action android:name="android.intent.action.MAIN" />
27-->src\main\AndroidManifest.xml:19:5-57
27-->src\main\AndroidManifest.xml:19:13-54
28
29                <category android:name="android.intent.category.LAUNCHER" />
29-->src\main\AndroidManifest.xml:20:5-65
29-->src\main\AndroidManifest.xml:20:15-62
30            </intent-filter>
31        </activity>
32        <activity
32-->src\main\AndroidManifest.xml:23:3-30:48
33            android:name="com.my.sikhiquiz.LoadingActivity"
33-->src\main\AndroidManifest.xml:24:4-35
34            android:configChanges="orientation|screenSize|keyboardHidden|smallestScreenSize|screenLayout"
34-->src\main\AndroidManifest.xml:25:4-97
35            android:hardwareAccelerated="true"
35-->src\main\AndroidManifest.xml:26:4-38
36            android:screenOrientation="portrait"
36-->src\main\AndroidManifest.xml:29:4-40
37            android:supportsPictureInPicture="true"
37-->src\main\AndroidManifest.xml:27:4-43
38            android:theme="@style/FullScreen"
38-->src\main\AndroidManifest.xml:28:4-37
39            android:windowSoftInputMode="stateHidden" />
39-->src\main\AndroidManifest.xml:30:4-45
40        <activity
40-->src\main\AndroidManifest.xml:31:3-38:48
41            android:name="com.my.sikhiquiz.PlayActivity"
41-->src\main\AndroidManifest.xml:32:4-32
42            android:configChanges="orientation|screenSize|keyboardHidden|smallestScreenSize|screenLayout"
42-->src\main\AndroidManifest.xml:33:4-97
43            android:hardwareAccelerated="true"
43-->src\main\AndroidManifest.xml:34:4-38
44            android:screenOrientation="portrait"
44-->src\main\AndroidManifest.xml:37:4-40
45            android:supportsPictureInPicture="true"
45-->src\main\AndroidManifest.xml:35:4-43
46            android:theme="@style/FullScreen"
46-->src\main\AndroidManifest.xml:36:4-37
47            android:windowSoftInputMode="stateHidden" />
47-->src\main\AndroidManifest.xml:38:4-45
48        <activity
48-->src\main\AndroidManifest.xml:39:3-46:48
49            android:name="com.my.sikhiquiz.MapActivity"
49-->src\main\AndroidManifest.xml:40:4-31
50            android:configChanges="orientation|screenSize|keyboardHidden|smallestScreenSize|screenLayout"
50-->src\main\AndroidManifest.xml:41:4-97
51            android:hardwareAccelerated="true"
51-->src\main\AndroidManifest.xml:42:4-38
52            android:screenOrientation="portrait"
52-->src\main\AndroidManifest.xml:45:4-40
53            android:supportsPictureInPicture="true"
53-->src\main\AndroidManifest.xml:43:4-43
54            android:theme="@style/FullScreen"
54-->src\main\AndroidManifest.xml:44:4-37
55            android:windowSoftInputMode="stateHidden" />
55-->src\main\AndroidManifest.xml:46:4-45
56        <activity
56-->src\main\AndroidManifest.xml:47:3-54:48
57            android:name="com.my.sikhiquiz.IndexActivity"
57-->src\main\AndroidManifest.xml:48:4-33
58            android:configChanges="orientation|screenSize|keyboardHidden|smallestScreenSize|screenLayout"
58-->src\main\AndroidManifest.xml:49:4-97
59            android:hardwareAccelerated="true"
59-->src\main\AndroidManifest.xml:50:4-38
60            android:screenOrientation="portrait"
60-->src\main\AndroidManifest.xml:53:4-40
61            android:supportsPictureInPicture="true"
61-->src\main\AndroidManifest.xml:51:4-43
62            android:theme="@style/FullScreen"
62-->src\main\AndroidManifest.xml:52:4-37
63            android:windowSoftInputMode="stateHidden" />
63-->src\main\AndroidManifest.xml:54:4-45
64        <activity
64-->src\main\AndroidManifest.xml:55:3-62:48
65            android:name="com.my.sikhiquiz.Ch_1Activity"
65-->src\main\AndroidManifest.xml:56:4-32
66            android:configChanges="orientation|screenSize|keyboardHidden|smallestScreenSize|screenLayout"
66-->src\main\AndroidManifest.xml:57:4-97
67            android:hardwareAccelerated="true"
67-->src\main\AndroidManifest.xml:58:4-38
68            android:screenOrientation="portrait"
68-->src\main\AndroidManifest.xml:61:4-40
69            android:supportsPictureInPicture="true"
69-->src\main\AndroidManifest.xml:59:4-43
70            android:theme="@style/FullScreen"
70-->src\main\AndroidManifest.xml:60:4-37
71            android:windowSoftInputMode="stateHidden" />
71-->src\main\AndroidManifest.xml:62:4-45
72        <activity
72-->src\main\AndroidManifest.xml:63:3-70:48
73            android:name="com.my.sikhiquiz.ChTwoActivity"
73-->src\main\AndroidManifest.xml:64:4-33
74            android:configChanges="orientation|screenSize|keyboardHidden|smallestScreenSize|screenLayout"
74-->src\main\AndroidManifest.xml:65:4-97
75            android:hardwareAccelerated="true"
75-->src\main\AndroidManifest.xml:66:4-38
76            android:screenOrientation="portrait"
76-->src\main\AndroidManifest.xml:69:4-40
77            android:supportsPictureInPicture="true"
77-->src\main\AndroidManifest.xml:67:4-43
78            android:theme="@style/FullScreen"
78-->src\main\AndroidManifest.xml:68:4-37
79            android:windowSoftInputMode="stateHidden" />
79-->src\main\AndroidManifest.xml:70:4-45
80        <activity
80-->src\main\AndroidManifest.xml:71:3-78:48
81            android:name="com.my.sikhiquiz.ChThreeActivity"
81-->src\main\AndroidManifest.xml:72:4-35
82            android:configChanges="orientation|screenSize|keyboardHidden|smallestScreenSize|screenLayout"
82-->src\main\AndroidManifest.xml:73:4-97
83            android:hardwareAccelerated="true"
83-->src\main\AndroidManifest.xml:74:4-38
84            android:screenOrientation="portrait"
84-->src\main\AndroidManifest.xml:77:4-40
85            android:supportsPictureInPicture="true"
85-->src\main\AndroidManifest.xml:75:4-43
86            android:theme="@style/FullScreen"
86-->src\main\AndroidManifest.xml:76:4-37
87            android:windowSoftInputMode="stateHidden" />
87-->src\main\AndroidManifest.xml:78:4-45
88        <activity
88-->src\main\AndroidManifest.xml:79:3-86:48
89            android:name="com.my.sikhiquiz.ChFourActivity"
89-->src\main\AndroidManifest.xml:80:4-34
90            android:configChanges="orientation|screenSize|keyboardHidden|smallestScreenSize|screenLayout"
90-->src\main\AndroidManifest.xml:81:4-97
91            android:hardwareAccelerated="true"
91-->src\main\AndroidManifest.xml:82:4-38
92            android:screenOrientation="portrait"
92-->src\main\AndroidManifest.xml:85:4-40
93            android:supportsPictureInPicture="true"
93-->src\main\AndroidManifest.xml:83:4-43
94            android:theme="@style/FullScreen"
94-->src\main\AndroidManifest.xml:84:4-37
95            android:windowSoftInputMode="stateHidden" />
95-->src\main\AndroidManifest.xml:86:4-45
96        <activity
96-->src\main\AndroidManifest.xml:87:3-94:48
97            android:name="com.my.sikhiquiz.ChSixActivity"
97-->src\main\AndroidManifest.xml:88:4-33
98            android:configChanges="orientation|screenSize|keyboardHidden|smallestScreenSize|screenLayout"
98-->src\main\AndroidManifest.xml:89:4-97
99            android:hardwareAccelerated="true"
99-->src\main\AndroidManifest.xml:90:4-38
100            android:screenOrientation="portrait"
100-->src\main\AndroidManifest.xml:93:4-40
101            android:supportsPictureInPicture="true"
101-->src\main\AndroidManifest.xml:91:4-43
102            android:theme="@style/FullScreen"
102-->src\main\AndroidManifest.xml:92:4-37
103            android:windowSoftInputMode="stateHidden" />
103-->src\main\AndroidManifest.xml:94:4-45
104        <activity
104-->src\main\AndroidManifest.xml:95:3-102:48
105            android:name="com.my.sikhiquiz.ChSevenActivity"
105-->src\main\AndroidManifest.xml:96:4-35
106            android:configChanges="orientation|screenSize|keyboardHidden|smallestScreenSize|screenLayout"
106-->src\main\AndroidManifest.xml:97:4-97
107            android:hardwareAccelerated="true"
107-->src\main\AndroidManifest.xml:98:4-38
108            android:screenOrientation="portrait"
108-->src\main\AndroidManifest.xml:101:4-40
109            android:supportsPictureInPicture="true"
109-->src\main\AndroidManifest.xml:99:4-43
110            android:theme="@style/FullScreen"
110-->src\main\AndroidManifest.xml:100:4-37
111            android:windowSoftInputMode="stateHidden" />
111-->src\main\AndroidManifest.xml:102:4-45
112        <activity
112-->src\main\AndroidManifest.xml:103:3-110:48
113            android:name="com.my.sikhiquiz.ChEightActivity"
113-->src\main\AndroidManifest.xml:104:4-35
114            android:configChanges="orientation|screenSize|keyboardHidden|smallestScreenSize|screenLayout"
114-->src\main\AndroidManifest.xml:105:4-97
115            android:hardwareAccelerated="true"
115-->src\main\AndroidManifest.xml:106:4-38
116            android:screenOrientation="portrait"
116-->src\main\AndroidManifest.xml:109:4-40
117            android:supportsPictureInPicture="true"
117-->src\main\AndroidManifest.xml:107:4-43
118            android:theme="@style/FullScreen"
118-->src\main\AndroidManifest.xml:108:4-37
119            android:windowSoftInputMode="stateHidden" />
119-->src\main\AndroidManifest.xml:110:4-45
120        <activity
120-->src\main\AndroidManifest.xml:111:3-118:48
121            android:name="com.my.sikhiquiz.ChNineActivity"
121-->src\main\AndroidManifest.xml:112:4-34
122            android:configChanges="orientation|screenSize|keyboardHidden|smallestScreenSize|screenLayout"
122-->src\main\AndroidManifest.xml:113:4-97
123            android:hardwareAccelerated="true"
123-->src\main\AndroidManifest.xml:114:4-38
124            android:screenOrientation="portrait"
124-->src\main\AndroidManifest.xml:117:4-40
125            android:supportsPictureInPicture="true"
125-->src\main\AndroidManifest.xml:115:4-43
126            android:theme="@style/FullScreen"
126-->src\main\AndroidManifest.xml:116:4-37
127            android:windowSoftInputMode="stateHidden" />
127-->src\main\AndroidManifest.xml:118:4-45
128        <activity
128-->src\main\AndroidManifest.xml:119:3-126:48
129            android:name="com.my.sikhiquiz.ChTenActivity"
129-->src\main\AndroidManifest.xml:120:4-33
130            android:configChanges="orientation|screenSize|keyboardHidden|smallestScreenSize|screenLayout"
130-->src\main\AndroidManifest.xml:121:4-97
131            android:hardwareAccelerated="true"
131-->src\main\AndroidManifest.xml:122:4-38
132            android:screenOrientation="portrait"
132-->src\main\AndroidManifest.xml:125:4-40
133            android:supportsPictureInPicture="true"
133-->src\main\AndroidManifest.xml:123:4-43
134            android:theme="@style/FullScreen"
134-->src\main\AndroidManifest.xml:124:4-37
135            android:windowSoftInputMode="stateHidden" />
135-->src\main\AndroidManifest.xml:126:4-45
136        <activity
136-->src\main\AndroidManifest.xml:127:3-134:48
137            android:name="com.my.sikhiquiz.ChElevenActivity"
137-->src\main\AndroidManifest.xml:128:4-36
138            android:configChanges="orientation|screenSize|keyboardHidden|smallestScreenSize|screenLayout"
138-->src\main\AndroidManifest.xml:129:4-97
139            android:hardwareAccelerated="true"
139-->src\main\AndroidManifest.xml:130:4-38
140            android:screenOrientation="portrait"
140-->src\main\AndroidManifest.xml:133:4-40
141            android:supportsPictureInPicture="true"
141-->src\main\AndroidManifest.xml:131:4-43
142            android:theme="@style/FullScreen"
142-->src\main\AndroidManifest.xml:132:4-37
143            android:windowSoftInputMode="stateHidden" />
143-->src\main\AndroidManifest.xml:134:4-45
144        <activity
144-->src\main\AndroidManifest.xml:135:3-142:48
145            android:name="com.my.sikhiquiz.ChTwelveActivity"
145-->src\main\AndroidManifest.xml:136:4-36
146            android:configChanges="orientation|screenSize|keyboardHidden|smallestScreenSize|screenLayout"
146-->src\main\AndroidManifest.xml:137:4-97
147            android:hardwareAccelerated="true"
147-->src\main\AndroidManifest.xml:138:4-38
148            android:screenOrientation="portrait"
148-->src\main\AndroidManifest.xml:141:4-40
149            android:supportsPictureInPicture="true"
149-->src\main\AndroidManifest.xml:139:4-43
150            android:theme="@style/FullScreen"
150-->src\main\AndroidManifest.xml:140:4-37
151            android:windowSoftInputMode="stateHidden" />
151-->src\main\AndroidManifest.xml:142:4-45
152        <activity
152-->src\main\AndroidManifest.xml:143:3-150:48
153            android:name="com.my.sikhiquiz.ChThirteenActivity"
153-->src\main\AndroidManifest.xml:144:4-38
154            android:configChanges="orientation|screenSize|keyboardHidden|smallestScreenSize|screenLayout"
154-->src\main\AndroidManifest.xml:145:4-97
155            android:hardwareAccelerated="true"
155-->src\main\AndroidManifest.xml:146:4-38
156            android:screenOrientation="portrait"
156-->src\main\AndroidManifest.xml:149:4-40
157            android:supportsPictureInPicture="true"
157-->src\main\AndroidManifest.xml:147:4-43
158            android:theme="@style/FullScreen"
158-->src\main\AndroidManifest.xml:148:4-37
159            android:windowSoftInputMode="stateHidden" />
159-->src\main\AndroidManifest.xml:150:4-45
160        <activity
160-->src\main\AndroidManifest.xml:151:3-158:48
161            android:name="com.my.sikhiquiz.ChFourteenActivity"
161-->src\main\AndroidManifest.xml:152:4-38
162            android:configChanges="orientation|screenSize|keyboardHidden|smallestScreenSize|screenLayout"
162-->src\main\AndroidManifest.xml:153:4-97
163            android:hardwareAccelerated="true"
163-->src\main\AndroidManifest.xml:154:4-38
164            android:screenOrientation="portrait"
164-->src\main\AndroidManifest.xml:157:4-40
165            android:supportsPictureInPicture="true"
165-->src\main\AndroidManifest.xml:155:4-43
166            android:theme="@style/FullScreen"
166-->src\main\AndroidManifest.xml:156:4-37
167            android:windowSoftInputMode="stateHidden" />
167-->src\main\AndroidManifest.xml:158:4-45
168        <activity
168-->src\main\AndroidManifest.xml:159:3-166:48
169            android:name="com.my.sikhiquiz.ChFifteenActivity"
169-->src\main\AndroidManifest.xml:160:4-37
170            android:configChanges="orientation|screenSize|keyboardHidden|smallestScreenSize|screenLayout"
170-->src\main\AndroidManifest.xml:161:4-97
171            android:hardwareAccelerated="true"
171-->src\main\AndroidManifest.xml:162:4-38
172            android:screenOrientation="portrait"
172-->src\main\AndroidManifest.xml:165:4-40
173            android:supportsPictureInPicture="true"
173-->src\main\AndroidManifest.xml:163:4-43
174            android:theme="@style/FullScreen"
174-->src\main\AndroidManifest.xml:164:4-37
175            android:windowSoftInputMode="stateHidden" />
175-->src\main\AndroidManifest.xml:166:4-45
176        <activity
176-->src\main\AndroidManifest.xml:167:3-174:48
177            android:name="com.my.sikhiquiz.ChSixteenActivity"
177-->src\main\AndroidManifest.xml:168:4-37
178            android:configChanges="orientation|screenSize|keyboardHidden|smallestScreenSize|screenLayout"
178-->src\main\AndroidManifest.xml:169:4-97
179            android:hardwareAccelerated="true"
179-->src\main\AndroidManifest.xml:170:4-38
180            android:screenOrientation="portrait"
180-->src\main\AndroidManifest.xml:173:4-40
181            android:supportsPictureInPicture="true"
181-->src\main\AndroidManifest.xml:171:4-43
182            android:theme="@style/FullScreen"
182-->src\main\AndroidManifest.xml:172:4-37
183            android:windowSoftInputMode="stateHidden" />
183-->src\main\AndroidManifest.xml:174:4-45
184        <activity
184-->src\main\AndroidManifest.xml:175:3-182:48
185            android:name="com.my.sikhiquiz.ChFiveActivity"
185-->src\main\AndroidManifest.xml:176:4-34
186            android:configChanges="orientation|screenSize|keyboardHidden|smallestScreenSize|screenLayout"
186-->src\main\AndroidManifest.xml:177:4-97
187            android:hardwareAccelerated="true"
187-->src\main\AndroidManifest.xml:178:4-38
188            android:screenOrientation="portrait"
188-->src\main\AndroidManifest.xml:181:4-40
189            android:supportsPictureInPicture="true"
189-->src\main\AndroidManifest.xml:179:4-43
190            android:theme="@style/FullScreen"
190-->src\main\AndroidManifest.xml:180:4-37
191            android:windowSoftInputMode="stateHidden" />
191-->src\main\AndroidManifest.xml:182:4-45
192        <activity
192-->src\main\AndroidManifest.xml:183:3-190:48
193            android:name="com.my.sikhiquiz.ChMixActivity"
193-->src\main\AndroidManifest.xml:184:4-33
194            android:configChanges="orientation|screenSize|keyboardHidden|smallestScreenSize|screenLayout"
194-->src\main\AndroidManifest.xml:185:4-97
195            android:hardwareAccelerated="true"
195-->src\main\AndroidManifest.xml:186:4-38
196            android:screenOrientation="portrait"
196-->src\main\AndroidManifest.xml:189:4-40
197            android:supportsPictureInPicture="true"
197-->src\main\AndroidManifest.xml:187:4-43
198            android:theme="@style/FullScreen"
198-->src\main\AndroidManifest.xml:188:4-37
199            android:windowSoftInputMode="stateHidden" />
199-->src\main\AndroidManifest.xml:190:4-45
200        <activity
200-->src\main\AndroidManifest.xml:191:3-197:48
201            android:name="com.my.sikhiquiz.StartActivity"
201-->src\main\AndroidManifest.xml:192:4-33
202            android:configChanges="orientation|screenSize|keyboardHidden|smallestScreenSize|screenLayout"
202-->src\main\AndroidManifest.xml:193:4-97
203            android:hardwareAccelerated="true"
203-->src\main\AndroidManifest.xml:194:4-38
204            android:supportsPictureInPicture="true"
204-->src\main\AndroidManifest.xml:195:4-43
205            android:theme="@style/FullScreen"
205-->src\main\AndroidManifest.xml:196:4-37
206            android:windowSoftInputMode="stateHidden" />
206-->src\main\AndroidManifest.xml:197:4-45
207        <activity
207-->src\main\AndroidManifest.xml:198:3-200:43
208            android:name="com.my.sikhiquiz.DebugActivity"
208-->src\main\AndroidManifest.xml:199:4-33
209            android:screenOrientation="portrait" />
209-->src\main\AndroidManifest.xml:200:4-40
210
211        <uses-library
211-->src\main\AndroidManifest.xml:201:3-203:31
212            android:name="org.apache.http.legacy"
212-->src\main\AndroidManifest.xml:202:4-41
213            android:required="false" />
213-->src\main\AndroidManifest.xml:203:4-28
214    </application>
215
216</manifest>